
> @publishing-tracker/ui-react@0.0.0 test
> jest

FAIL src/pages/BookListPage.test.tsx
  ΓùÅ Test suite failed to run

    error TS5023: Unknown compiler option 'extends'.
    error TS5023: Unknown compiler option 'compilerOptions'.

FAIL src/pages/DashboardPage.test.tsx
  ΓùÅ Test suite failed to run

    error TS5023: Unknown compiler option 'extends'.
    error TS5023: Unknown compiler option 'compilerOptions'.

FAIL src/services/dashboardService.test.ts
  ΓùÅ Test suite failed to run

    error TS5023: Unknown compiler option 'extends'.
    error TS5023: Unknown compiler option 'compilerOptions'.

FAIL src/pages/RequestPlatformPage.test.tsx
  ΓùÅ Test suite failed to run

    error TS5023: Unknown compiler option 'extends'.
    error TS5023: Unknown compiler option 'compilerOptions'.

FAIL src/services/platformService.test.ts
  ΓùÅ Test suite failed to run

    error TS5023: Unknown compiler option 'extends'.
    error TS5023: Unknown compiler option 'compilerOptions'.

FAIL src/pages/BookPerformancePage.test.tsx
  ΓùÅ Test suite failed to run

    error TS5023: Unknown compiler option 'extends'.
    error TS5023: Unknown compiler option 'compilerOptions'.

FAIL src/pages/AddBookPage.test.tsx
  ΓùÅ Test suite failed to run

    error TS5023: Unknown compiler option 'extends'.
    error TS5023: Unknown compiler option 'compilerOptions'.

FAIL src/pages/PlatformsPage.test.tsx
  ΓùÅ Test suite failed to run

    error TS5023: Unknown compiler option 'extends'.
    error TS5023: Unknown compiler option 'compilerOptions'.

FAIL src/components/ProtectedRoute.test.tsx
  ΓùÅ Test suite failed to run

    error TS5023: Unknown compiler option 'extends'.
    error TS5023: Unknown compiler option 'compilerOptions'.

Test Suites: 9 failed, 9 total
Tests:       0 total
Snapshots:   0 total
Time:        2.111 s
Ran all test suites.
npm error Lifecycle script `test` failed with error:
npm error code 1
npm error path C:\Github\PublishingTracker\Publishing-Tracker\apps\ui-react\publishing-tracker-ui
npm error workspace @publishing-tracker/ui-react@0.0.0
npm error location C:\Github\PublishingTracker\Publishing-Tracker\apps\ui-react\publishing-tracker-ui
npm error command failed
npm error command C:\Windows\system32\cmd.exe /d /s /c jest
